mode: set
github.com/ailgroup/sbrweb/hotelws/hotel_prop_desc_rq.go:37.54,43.2 1 1
github.com/ailgroup/sbrweb/hotelws/hotel_prop_desc_rq.go:46.53,52.2 1 1
github.com/ailgroup/sbrweb/hotelws/hotel_prop_desc_rq.go:55.124,57.16 2 1
github.com/ailgroup/sbrweb/hotelws/hotel_prop_desc_rq.go:60.2,77.8 2 1
github.com/ailgroup/sbrweb/hotelws/hotel_prop_desc_rq.go:57.16,59.3 1 1
github.com/ailgroup/sbrweb/hotelws/hotel_prop_desc_rq.go:81.131,111.2 1 1
github.com/ailgroup/sbrweb/hotelws/hotel_prop_desc_rq.go:149.100,155.16 4 1
github.com/ailgroup/sbrweb/hotelws/hotel_prop_desc_rq.go:161.2,167.16 5 1
github.com/ailgroup/sbrweb/hotelws/hotel_prop_desc_rq.go:171.2,171.22 1 1
github.com/ailgroup/sbrweb/hotelws/hotel_prop_desc_rq.go:155.16,158.3 2 1
github.com/ailgroup/sbrweb/hotelws/hotel_prop_desc_rq.go:167.16,170.3 2 1
github.com/ailgroup/sbrweb/hotelws/hotel_rate_desc_rq.go:37.54,43.2 1 0
github.com/ailgroup/sbrweb/hotelws/hotel_rate_desc_rq.go:46.53,52.2 1 0
github.com/ailgroup/sbrweb/hotelws/hotel_rate_desc_rq.go:55.124,57.16 2 0
github.com/ailgroup/sbrweb/hotelws/hotel_rate_desc_rq.go:60.2,77.8 2 0
github.com/ailgroup/sbrweb/hotelws/hotel_rate_desc_rq.go:57.16,59.3 1 0
github.com/ailgroup/sbrweb/hotelws/hotel_rate_desc_rq.go:81.131,111.2 1 0
github.com/ailgroup/sbrweb/hotelws/hotel_rate_desc_rq.go:138.96,144.16 4 0
github.com/ailgroup/sbrweb/hotelws/hotel_rate_desc_rq.go:150.2,156.16 5 0
github.com/ailgroup/sbrweb/hotelws/hotel_rate_desc_rq.go:160.2,160.22 1 0
github.com/ailgroup/sbrweb/hotelws/hotel_rate_desc_rq.go:144.16,147.3 2 0
github.com/ailgroup/sbrweb/hotelws/hotel_rate_desc_rq.go:156.16,159.3 2 0
github.com/ailgroup/sbrweb/hotelws/hotel_search_criteria.go:9.86,11.33 2 1
github.com/ailgroup/sbrweb/hotelws/hotel_search_criteria.go:17.2,17.23 1 1
github.com/ailgroup/sbrweb/hotelws/hotel_search_criteria.go:11.33,13.17 2 1
github.com/ailgroup/sbrweb/hotelws/hotel_search_criteria.go:13.17,15.4 1 1
github.com/ailgroup/sbrweb/hotelws/hotel_search_criteria.go:21.63,22.50 1 1
github.com/ailgroup/sbrweb/hotelws/hotel_search_criteria.go:34.2,34.12 1 1
github.com/ailgroup/sbrweb/hotelws/hotel_search_criteria.go:22.50,23.39 1 1
github.com/ailgroup/sbrweb/hotelws/hotel_search_criteria.go:26.3,26.70 1 1
github.com/ailgroup/sbrweb/hotelws/hotel_search_criteria.go:30.3,30.37 1 1
github.com/ailgroup/sbrweb/hotelws/hotel_search_criteria.go:23.39,25.4 1 1
github.com/ailgroup/sbrweb/hotelws/hotel_search_criteria.go:26.70,28.4 1 1
github.com/ailgroup/sbrweb/hotelws/hotel_search_criteria.go:30.37,32.4 1 1
github.com/ailgroup/sbrweb/hotelws/hotel_search_criteria.go:38.80,39.44 1 1
github.com/ailgroup/sbrweb/hotelws/hotel_search_criteria.go:39.44,40.28 1 1
github.com/ailgroup/sbrweb/hotelws/hotel_search_criteria.go:43.3,43.13 1 1
github.com/ailgroup/sbrweb/hotelws/hotel_search_criteria.go:40.28,42.4 1 1
github.com/ailgroup/sbrweb/hotelws/hotel_search_criteria.go:48.90,49.44 1 1
github.com/ailgroup/sbrweb/hotelws/hotel_search_criteria.go:49.44,50.28 1 1
github.com/ailgroup/sbrweb/hotelws/hotel_search_criteria.go:53.3,53.13 1 1
github.com/ailgroup/sbrweb/hotelws/hotel_search_criteria.go:50.28,52.4 1 1
github.com/ailgroup/sbrweb/hotelws/hotel_search_criteria.go:58.80,59.44 1 1
github.com/ailgroup/sbrweb/hotelws/hotel_search_criteria.go:59.44,61.22 2 1
github.com/ailgroup/sbrweb/hotelws/hotel_search_criteria.go:64.3,64.28 1 1
github.com/ailgroup/sbrweb/hotelws/hotel_search_criteria.go:76.3,77.13 2 1
github.com/ailgroup/sbrweb/hotelws/hotel_search_criteria.go:61.22,63.4 1 1
github.com/ailgroup/sbrweb/hotelws/hotel_search_criteria.go:64.28,65.13 1 1
github.com/ailgroup/sbrweb/hotelws/hotel_search_criteria.go:66.26,67.17 1 1
github.com/ailgroup/sbrweb/hotelws/hotel_search_criteria.go:68.24,69.15 1 1
github.com/ailgroup/sbrweb/hotelws/hotel_search_criteria.go:70.26,71.17 1 1
github.com/ailgroup/sbrweb/hotelws/hotel_search_criteria.go:72.31,73.22 1 1
github.com/ailgroup/sbrweb/hotelws/hotel_search_criteria.go:83.82,84.44 1 1
github.com/ailgroup/sbrweb/hotelws/hotel_search_criteria.go:84.44,85.22 1 1
github.com/ailgroup/sbrweb/hotelws/hotel_search_criteria.go:88.3,88.28 1 1
github.com/ailgroup/sbrweb/hotelws/hotel_search_criteria.go:105.3,105.13 1 1
github.com/ailgroup/sbrweb/hotelws/hotel_search_criteria.go:85.22,87.4 1 1
github.com/ailgroup/sbrweb/hotelws/hotel_search_criteria.go:88.28,89.13 1 1
github.com/ailgroup/sbrweb/hotelws/hotel_search_criteria.go:90.24,91.28 1 1
github.com/ailgroup/sbrweb/hotelws/hotel_search_criteria.go:94.27,95.28 1 1
github.com/ailgroup/sbrweb/hotelws/hotel_search_criteria.go:98.26,99.25 1 1
github.com/ailgroup/sbrweb/hotelws/hotel_search_criteria.go:91.28,93.6 1 1
github.com/ailgroup/sbrweb/hotelws/hotel_search_criteria.go:95.28,97.6 1 1
github.com/ailgroup/sbrweb/hotelws/hotel_search_criteria.go:99.25,102.6 2 1
github.com/ailgroup/sbrweb/hotelws/hotelws.go:59.78,62.2 1 1
github.com/ailgroup/sbrweb/hotelws/hotelws.go:65.43,67.2 1 1
github.com/ailgroup/sbrweb/hotelws/hotelws.go:75.75,78.2 1 1
github.com/ailgroup/sbrweb/hotelws/hotelws.go:81.39,83.2 1 1
github.com/ailgroup/sbrweb/hotelws/hotelws.go:86.71,90.2 3 1
github.com/ailgroup/sbrweb/hotelws/hotel_avail_rq.go:47.54,53.2 1 1
github.com/ailgroup/sbrweb/hotelws/hotel_avail_rq.go:56.53,62.2 1 1
github.com/ailgroup/sbrweb/hotelws/hotel_avail_rq.go:65.109,84.2 2 1
github.com/ailgroup/sbrweb/hotelws/hotel_avail_rq.go:87.127,117.2 1 1
github.com/ailgroup/sbrweb/hotelws/hotel_avail_rq.go:147.91,154.16 4 1
github.com/ailgroup/sbrweb/hotelws/hotel_avail_rq.go:160.2,166.16 5 1
github.com/ailgroup/sbrweb/hotelws/hotel_avail_rq.go:170.2,170.23 1 1
github.com/ailgroup/sbrweb/hotelws/hotel_avail_rq.go:154.16,157.3 2 1
github.com/ailgroup/sbrweb/hotelws/hotel_avail_rq.go:166.16,169.3 2 1
