mode: set
github.com/ailgroup/sbrweb/srvc/session_pool.go:53.132,70.2 1 1
github.com/ailgroup/sbrweb/srvc/session_pool.go:73.33,77.2 3 1
github.com/ailgroup/sbrweb/srvc/session_pool.go:80.34,88.19 6 0
github.com/ailgroup/sbrweb/srvc/session_pool.go:92.2,92.15 1 0
github.com/ailgroup/sbrweb/srvc/session_pool.go:88.19,90.3 1 0
github.com/ailgroup/sbrweb/srvc/session_pool.go:95.53,98.16 3 1
github.com/ailgroup/sbrweb/srvc/session_pool.go:103.2,106.14 4 1
github.com/ailgroup/sbrweb/srvc/session_pool.go:117.2,132.18 3 1
github.com/ailgroup/sbrweb/srvc/session_pool.go:98.16,102.3 2 1
github.com/ailgroup/sbrweb/srvc/session_pool.go:106.14,111.3 4 1
github.com/ailgroup/sbrweb/srvc/session_pool.go:136.40,139.40 3 1
github.com/ailgroup/sbrweb/srvc/session_pool.go:149.2,149.26 1 1
github.com/ailgroup/sbrweb/srvc/session_pool.go:155.2,156.12 2 1
github.com/ailgroup/sbrweb/srvc/session_pool.go:139.40,141.17 2 1
github.com/ailgroup/sbrweb/srvc/session_pool.go:145.3,146.20 2 1
github.com/ailgroup/sbrweb/srvc/session_pool.go:141.17,143.12 2 1
github.com/ailgroup/sbrweb/srvc/session_pool.go:149.26,154.3 4 1
github.com/ailgroup/sbrweb/srvc/session_pool.go:160.38,165.2 3 1
github.com/ailgroup/sbrweb/srvc/session_pool.go:168.41,172.2 2 1
github.com/ailgroup/sbrweb/srvc/session_pool.go:175.45,180.2 4 1
github.com/ailgroup/sbrweb/srvc/session_pool.go:185.58,188.31 3 0
github.com/ailgroup/sbrweb/srvc/session_pool.go:188.31,190.25 1 0
github.com/ailgroup/sbrweb/srvc/session_pool.go:194.3,195.40 2 0
github.com/ailgroup/sbrweb/srvc/session_pool.go:190.25,193.4 2 0
github.com/ailgroup/sbrweb/srvc/session_pool.go:195.40,205.18 3 0
github.com/ailgroup/sbrweb/srvc/session_pool.go:209.4,209.63 1 0
github.com/ailgroup/sbrweb/srvc/session_pool.go:233.4,246.22 4 0
github.com/ailgroup/sbrweb/srvc/session_pool.go:205.18,208.5 1 0
github.com/ailgroup/sbrweb/srvc/session_pool.go:209.63,219.19 4 0
github.com/ailgroup/sbrweb/srvc/session_pool.go:223.5,230.13 3 0
github.com/ailgroup/sbrweb/srvc/session_pool.go:219.19,222.6 2 0
github.com/ailgroup/sbrweb/srvc/session_pool.go:247.9,256.4 2 0
github.com/ailgroup/sbrweb/srvc/session_pool.go:260.35,264.2 3 0
github.com/ailgroup/sbrweb/srvc/session_pool.go:267.69,275.6 5 0
github.com/ailgroup/sbrweb/srvc/session_pool.go:275.6,276.10 1 0
github.com/ailgroup/sbrweb/srvc/session_pool.go:277.34,281.43 4 0
github.com/ailgroup/sbrweb/srvc/session_pool.go:282.19,284.10 2 0
github.com/ailgroup/sbrweb/srvc/session_pool.go:290.31,293.35 3 1
github.com/ailgroup/sbrweb/srvc/session_pool.go:321.2,326.50 4 1
github.com/ailgroup/sbrweb/srvc/session_pool.go:293.35,304.17 3 1
github.com/ailgroup/sbrweb/srvc/session_pool.go:308.3,309.15 2 1
github.com/ailgroup/sbrweb/srvc/session_pool.go:314.3,317.27 3 1
github.com/ailgroup/sbrweb/srvc/session_pool.go:304.17,306.4 1 1
github.com/ailgroup/sbrweb/srvc/session_pool.go:309.15,313.4 3 1
github.com/ailgroup/sbrweb/srvc/session_pool.go:317.27,319.4 1 1
github.com/ailgroup/sbrweb/srvc/soap_base.go:47.13,49.2 1 1
github.com/ailgroup/sbrweb/srvc/soap_base.go:51.21,53.16 2 1
github.com/ailgroup/sbrweb/srvc/soap_base.go:56.2,57.16 2 1
github.com/ailgroup/sbrweb/srvc/soap_base.go:61.2,62.108 2 1
github.com/ailgroup/sbrweb/srvc/soap_base.go:53.16,55.3 1 0
github.com/ailgroup/sbrweb/srvc/soap_base.go:57.16,59.3 1 0
github.com/ailgroup/sbrweb/srvc/soap_base.go:260.32,267.2 1 1
github.com/ailgroup/sbrweb/srvc/soap_base.go:270.62,275.2 1 1
github.com/ailgroup/sbrweb/srvc/soap_base.go:278.32,287.2 1 1
github.com/ailgroup/sbrweb/srvc/soap_base.go:292.41,293.15 1 1
github.com/ailgroup/sbrweb/srvc/soap_base.go:296.2,296.53 1 1
github.com/ailgroup/sbrweb/srvc/soap_base.go:293.15,295.3 1 1
github.com/ailgroup/sbrweb/srvc/soap_base.go:300.31,302.2 1 1
github.com/ailgroup/sbrweb/srvc/soap_base.go:305.47,309.66 3 1
github.com/ailgroup/sbrweb/srvc/soap_base.go:320.2,320.18 1 1
github.com/ailgroup/sbrweb/srvc/soap_base.go:309.66,310.18 1 1
github.com/ailgroup/sbrweb/srvc/soap_base.go:313.3,313.64 1 1
github.com/ailgroup/sbrweb/srvc/soap_base.go:317.3,318.11 2 1
github.com/ailgroup/sbrweb/srvc/soap_base.go:310.18,312.4 1 1
github.com/ailgroup/sbrweb/srvc/soap_base.go:313.64,316.4 2 1
github.com/ailgroup/sbrweb/srvc/soap_base.go:324.33,328.2 3 1
github.com/ailgroup/sbrweb/srvc/soap_base.go:354.110,395.2 1 1
github.com/ailgroup/sbrweb/srvc/soap_base.go:413.100,420.16 4 1
github.com/ailgroup/sbrweb/srvc/soap_base.go:426.2,433.16 5 1
github.com/ailgroup/sbrweb/srvc/soap_base.go:436.2,436.29 1 1
github.com/ailgroup/sbrweb/srvc/soap_base.go:420.16,422.3 1 1
github.com/ailgroup/sbrweb/srvc/soap_base.go:433.16,435.3 1 1
github.com/ailgroup/sbrweb/srvc/soap_base.go:460.101,494.2 1 1
github.com/ailgroup/sbrweb/srvc/soap_base.go:510.95,517.16 4 1
github.com/ailgroup/sbrweb/srvc/soap_base.go:523.2,530.16 5 1
github.com/ailgroup/sbrweb/srvc/soap_base.go:533.2,533.29 1 1
github.com/ailgroup/sbrweb/srvc/soap_base.go:517.16,519.3 1 1
github.com/ailgroup/sbrweb/srvc/soap_base.go:530.16,532.3 1 1
github.com/ailgroup/sbrweb/srvc/soap_base.go:557.107,591.2 1 1
github.com/ailgroup/sbrweb/srvc/soap_base.go:607.106,616.16 5 1
github.com/ailgroup/sbrweb/srvc/soap_base.go:622.2,629.16 5 1
github.com/ailgroup/sbrweb/srvc/soap_base.go:632.2,632.29 1 1
github.com/ailgroup/sbrweb/srvc/soap_base.go:616.16,618.3 1 1
github.com/ailgroup/sbrweb/srvc/soap_base.go:629.16,631.3 1 1
